<?xml version="1.0" encoding="UTF-8"?>
<coverage generated="1788119207564" clover="3.2.0">
  <project timestamp="1788119207564" name="All files">
    <metrics statements="132" coveredstatements="124" conditionals="76" coveredconditionals="70" methods="10" coveredmethods="9" elements="218" coveredelements="203" complexity="0" loc="132" ncloc="132" packages="4" files="5" classes="5"/>
    <package name="backend">
      <metrics statements="16" coveredstatements="16" conditionals="0" coveredconditionals="0" methods="1" coveredmethods="1"/>
      <file name="app.js" path="/Users/ethanli/idx-internship/backend/app.js">
        <metrics statements="16" coveredstatements="16" conditionals="0" coveredconditionals="0" methods="1" coveredmethods="1"/>
        <line num="1" count="1" type="stmt"/>
        <line num="2" count="1" type="stmt"/>
        <line num="3" count="1" type="stmt"/>
        <line num="4" count="1" type="stmt"/>
        <line num="5" count="1" type="stmt"/>
        <line num="10" count="1" type="stmt"/>
        <line num="12" count="1" type="stmt"/>
        <line num="13" count="1" type="stmt"/>
        <line num="14" count="1" type="stmt"/>
        <line num="15" count="1" type="stmt"/>
        <line num="17" count="1" type="stmt"/>
        <line num="18" count="2" type="stmt"/>
        <line num="19" count="2" type="stmt"/>
        <line num="20" count="1" type="stmt"/>
        <line num="26" count="1" type="stmt"/>
        <line num="30" count="1" type="stmt"/>
      </file>
    </package>
    <package name="backend.middleware">
      <metrics statements="8" coveredstatements="2" conditionals="2" coveredconditionals="1" methods="2" coveredmethods="1"/>
      <file name="requestLog.js" path="/Users/ethanli/idx-internship/backend/middleware/requestLog.js">
        <metrics statements="8" coveredstatements="2" conditionals="2" coveredconditionals="1" methods="2" coveredmethods="1"/>
        <line num="5" count="29" type="cond" truecount="1" falsecount="1"/>
        <line num="7" count="0" type="stmt"/>
        <line num="10" count="0" type="stmt"/>
        <line num="11" count="0" type="stmt"/>
        <line num="12" count="0" type="stmt"/>
        <line num="13" count="0" type="stmt"/>
        <line num="18" count="0" type="stmt"/>
        <line num="21" count="1" type="stmt"/>
      </file>
    </package>
    <package name="backend.routes">
      <metrics statements="70" coveredstatements="68" conditionals="43" coveredconditionals="40" methods="5" coveredmethods="5"/>
      <file name="listings.js" path="/Users/ethanli/idx-internship/backend/routes/listings.js">
        <metrics statements="70" coveredstatements="68" conditionals="43" coveredconditionals="40" methods="5" coveredmethods="5"/>
        <line num="1" count="1" type="stmt"/>
        <line num="2" count="1" type="stmt"/>
        <line num="3" count="1" type="stmt"/>
        <line num="4" count="1" type="stmt"/>
        <line num="5" count="1" type="stmt"/>
        <line num="7" count="1" type="stmt"/>
        <line num="10" count="1" type="stmt"/>
        <line num="11" count="15" type="stmt"/>
        <line num="12" count="15" type="cond" truecount="2" falsecount="0"/>
        <line num="13" count="15" type="cond" truecount="2" falsecount="0"/>
        <line num="15" count="15" type="cond" truecount="5" falsecount="0"/>
        <line num="16" count="3" type="stmt"/>
        <line num="20" count="12" type="cond" truecount="4" falsecount="0"/>
        <line num="21" count="1" type="stmt"/>
        <line num="27" count="11" type="stmt"/>
        <line num="28" count="11" type="stmt"/>
        <line num="29" count="41" type="cond" truecount="4" falsecount="0"/>
        <line num="30" count="1" type="stmt"/>
        <line num="36" count="10" type="stmt"/>
        <line num="37" count="10" type="cond" truecount="2" falsecount="0"/>
        <line num="38" count="2" type="stmt"/>
        <line num="42" count="8" type="stmt"/>
        <line num="44" count="8" type="cond" truecount="2" falsecount="0"/>
        <line num="47" count="8" type="stmt"/>
        <line num="51" count="7" type="stmt"/>
        <line num="54" count="7" type="stmt"/>
        <line num="59" count="7" type="stmt"/>
        <line num="66" count="1" type="stmt"/>
        <line num="72" count="1" type="stmt"/>
        <line num="73" count="3" type="stmt"/>
        <line num="74" count="3" type="stmt"/>
        <line num="78" count="3" type="stmt"/>
        <line num="81" count="3" type="stmt"/>
        <line num="95" count="3" type="stmt"/>
        <line num="97" count="3" type="cond" truecount="4" falsecount="0"/>
        <line num="98" count="1" type="stmt"/>
        <line num="107" count="2" type="stmt"/>
        <line num="108" count="2" type="cond" truecount="1" falsecount="1"/>
        <line num="109" count="2" type="stmt"/>
        <line num="110" count="2" type="stmt"/>
        <line num="111" count="2" type="stmt"/>
        <line num="113" count="2" type="stmt"/>
        <line num="121" count="2" type="stmt"/>
        <line num="122" count="2" type="stmt"/>
        <line num="123" count="2" type="stmt"/>
        <line num="124" count="2" type="cond" truecount="3" falsecount="1"/>
        <line num="127" count="2" type="stmt"/>
        <line num="136" count="0" type="stmt"/>
        <line num="142" count="1" type="stmt"/>
        <line num="143" count="4" type="stmt"/>
        <line num="144" count="4" type="stmt"/>
        <line num="146" count="4" type="cond" truecount="3" falsecount="1"/>
        <line num="147" count="0" type="stmt"/>
        <line num="151" count="4" type="stmt"/>
        <line num="156" count="3" type="cond" truecount="2" falsecount="0"/>
        <line num="157" count="1" type="stmt"/>
        <line num="163" count="2" type="stmt"/>
        <line num="171" count="2" type="stmt"/>
        <line num="173" count="1" type="stmt"/>
        <line num="178" count="1" type="stmt"/>
        <line num="179" count="5" type="stmt"/>
        <line num="180" count="5" type="stmt"/>
        <line num="183" count="5" type="cond" truecount="4" falsecount="0"/>
        <line num="184" count="1" type="stmt"/>
        <line num="187" count="4" type="stmt"/>
        <line num="192" count="3" type="cond" truecount="2" falsecount="0"/>
        <line num="193" count="1" type="stmt"/>
        <line num="198" count="2" type="stmt"/>
        <line num="200" count="1" type="stmt"/>
        <line num="204" count="1" type="stmt"/>
      </file>
    </package>
    <package name="backend.utils">
      <metrics statements="38" coveredstatements="38" conditionals="31" coveredconditionals="29" methods="2" coveredmethods="2"/>
      <file name="listingFilters.js" path="/Users/ethanli/idx-internship/backend/utils/listingFilters.js">
        <metrics statements="23" coveredstatements="23" conditionals="18" coveredconditionals="18" methods="1" coveredmethods="1"/>
        <line num="4" count="11" type="cond" truecount="1" falsecount="0"/>
        <line num="5" count="11" type="stmt"/>
        <line num="6" count="11" type="stmt"/>
        <line num="13" count="11" type="cond" truecount="2" falsecount="0"/>
        <line num="14" count="3" type="stmt"/>
        <line num="15" count="3" type="stmt"/>
        <line num="17" count="11" type="cond" truecount="2" falsecount="0"/>
        <line num="18" count="1" type="stmt"/>
        <line num="19" count="1" type="stmt"/>
        <line num="21" count="11" type="cond" truecount="4" falsecount="0"/>
        <line num="22" count="1" type="stmt"/>
        <line num="23" count="1" type="stmt"/>
        <line num="25" count="11" type="cond" truecount="4" falsecount="0"/>
        <line num="26" count="1" type="stmt"/>
        <line num="27" count="1" type="stmt"/>
        <line num="29" count="11" type="cond" truecount="2" falsecount="0"/>
        <line num="30" count="1" type="stmt"/>
        <line num="31" count="1" type="stmt"/>
        <line num="33" count="11" type="cond" truecount="2" falsecount="0"/>
        <line num="34" count="1" type="stmt"/>
        <line num="35" count="1" type="stmt"/>
        <line num="38" count="11" type="stmt"/>
        <line num="41" count="1" type="stmt"/>
      </file>
      <file name="listingSort.js" path="/Users/ethanli/idx-internship/backend/utils/listingSort.js">
        <metrics statements="15" coveredstatements="15" conditionals="13" coveredconditionals="11" methods="1" coveredmethods="1"/>
        <line num="4" count="1" type="stmt"/>
        <line num="11" count="1" type="stmt"/>
        <line num="19" count="1" type="stmt"/>
        <line num="25" count="10" type="stmt"/>
        <line num="26" count="10" type="stmt"/>
        <line num="28" count="10" type="cond" truecount="4" falsecount="0"/>
        <line num="30" count="6" type="stmt"/>
        <line num="33" count="4" type="stmt"/>
        <line num="34" count="4" type="cond" truecount="2" falsecount="0"/>
        <line num="35" count="1" type="stmt"/>
        <line num="42" count="3" type="cond" truecount="3" falsecount="1"/>
        <line num="46" count="3" type="cond" truecount="2" falsecount="0"/>
        <line num="47" count="1" type="stmt"/>
        <line num="55" count="2" type="stmt"/>
        <line num="61" count="1" type="stmt"/>
      </file>
    </package>
  </project>
</coverage>
