{"/Users/ethanli/idx-internship/backend/app.js": {"path":"/Users/ethanli/idx-internship/backend/app.js","statementMap":{"0":{"start":{"line":1,"column":16},"end":{"line":1,"column":34}},"1":{"start":{"line":2,"column":13},"end":{"line":2,"column":28}},"2":{"start":{"line":3,"column":23},"end":{"line":3,"column":51}},"3":{"start":{"line":4,"column":19},"end":{"line":4,"column":53}},"4":{"start":{"line":5,"column":13},"end":{"line":5,"column":28}},"5":{"start":{"line":10,"column":12},"end":{"line":10,"column":21}},"6":{"start":{"line":12,"column":0},"end":{"line":12,"column":16}},"7":{"start":{"line":13,"column":0},"end":{"line":13,"column":24}},"8":{"start":{"line":14,"column":0},"end":{"line":14,"column":20}},"9":{"start":{"line":15,"column":0},"end":{"line":15,"column":43}},"10":{"start":{"line":17,"column":0},"end":{"line":28,"column":3}},"11":{"start":{"line":18,"column":2},"end":{"line":27,"column":3}},"12":{"start":{"line":19,"column":4},"end":{"line":19,"column":33}},"13":{"start":{"line":20,"column":4},"end":{"line":24,"column":7}},"14":{"start":{"line":26,"column":4},"end":{"line":26,"column":72}},"15":{"start":{"line":30,"column":0},"end":{"line":30,"column":21}}},"fnMap":{"0":{"name":"(anonymous_0)","decl":{"start":{"line":17,"column":23},"end":{"line":17,"column":24}},"loc":{"start":{"line":17,"column":43},"end":{"line":28,"column":1}},"line":17}},"branchMap":{},"s":{"0":1,"1":1,"2":1,"3":1,"4":1,"5":1,"6":1,"7":1,"8":1,"9":1,"10":1,"11":2,"12":2,"13":1,"14":1,"15":1},"f":{"0":2},"b":{},"_coverageSchema":"1a1c01bbd47fc00a2c39e90264f33305004495a9","hash":"c6dd277a13e3add9a6ea4b32ef9a4081307bc6dd"}
,"/Users/ethanli/idx-internship/backend/middleware/requestLog.js": {"path":"/Users/ethanli/idx-internship/backend/middleware/requestLog.js","statementMap":{"0":{"start":{"line":5,"column":2},"end":{"line":5,"column":53}},"1":{"start":{"line":5,"column":39},"end":{"line":5,"column":53}},"2":{"start":{"line":7,"column":20},"end":{"line":7,"column":30}},"3":{"start":{"line":10,"column":2},"end":{"line":16,"column":5}},"4":{"start":{"line":11,"column":22},"end":{"line":11,"column":44}},"5":{"start":{"line":12,"column":18},"end":{"line":12,"column":42}},"6":{"start":{"line":13,"column":4},"end":{"line":15,"column":6}},"7":{"start":{"line":18,"column":2},"end":{"line":18,"column":9}},"8":{"start":{"line":21,"column":0},"end":{"line":21,"column":28}}},"fnMap":{"0":{"name":"requestLog","decl":{"start":{"line":2,"column":9},"end":{"line":2,"column":19}},"loc":{"start":{"line":2,"column":36},"end":{"line":19,"column":1}},"line":2},"1":{"name":"(anonymous_1)","decl":{"start":{"line":10,"column":19},"end":{"line":10,"column":20}},"loc":{"start":{"line":10,"column":25},"end":{"line":16,"column":3}},"line":10}},"branchMap":{"0":{"loc":{"start":{"line":5,"column":2},"end":{"line":5,"column":53}},"type":"if","locations":[{"start":{"line":5,"column":2},"end":{"line":5,"column":53}},{"start":{},"end":{}}],"line":5}},"s":{"0":29,"1":29,"2":0,"3":0,"4":0,"5":0,"6":0,"7":0,"8":1},"f":{"0":29,"1":0},"b":{"0":[29,0]},"_coverageSchema":"1a1c01bbd47fc00a2c39e90264f33305004495a9","hash":"d13e2d244526df61676c60c1c7d5ba63834b7ef7"}
,"/Users/ethanli/idx-internship/backend/routes/listings.js": {"path":"/Users/ethanli/idx-internship/backend/routes/listings.js","statementMap":{"0":{"start":{"line":1,"column":16},"end":{"line":1,"column":34}},"1":{"start":{"line":2,"column":23},"end":{"line":2,"column":39}},"2":{"start":{"line":3,"column":13},"end":{"line":3,"column":29}},"3":{"start":{"line":4,"column":30},"end":{"line":4,"column":64}},"4":{"start":{"line":5,"column":29},"end":{"line":5,"column":60}},"5":{"start":{"line":7,"column":21},"end":{"line":7,"column":23}},"6":{"start":{"line":10,"column":0},"end":{"line":68,"column":3}},"7":{"start":{"line":11,"column":2},"end":{"line":67,"column":3}},"8":{"start":{"line":12,"column":21},"end":{"line":12,"column":81}},"9":{"start":{"line":13,"column":17},"end":{"line":13,"column":78}},"10":{"start":{"line":15,"column":4},"end":{"line":19,"column":5}},"11":{"start":{"line":16,"column":6},"end":{"line":18,"column":71}},"12":{"start":{"line":20,"column":4},"end":{"line":24,"column":5}},"13":{"start":{"line":21,"column":6},"end":{"line":23,"column":70}},"14":{"start":{"line":27,"column":27},"end":{"line":27,"column":68}},"15":{"start":{"line":28,"column":4},"end":{"line":32,"column":5}},"16":{"start":{"line":29,"column":6},"end":{"line":31,"column":7}},"17":{"start":{"line":30,"column":8},"end":{"line":30,"column":76}},"18":{"start":{"line":36,"column":54},"end":{"line":36,"column":81}},"19":{"start":{"line":37,"column":4},"end":{"line":39,"column":5}},"20":{"start":{"line":38,"column":6},"end":{"line":38,"column":56}},"21":{"start":{"line":42,"column":35},"end":{"line":42,"column":63}},"22":{"start":{"line":44,"column":6},"end":{"line":44,"column":70}},"23":{"start":{"line":47,"column":26},"end":{"line":50,"column":5}},"24":{"start":{"line":51,"column":18},"end":{"line":51,"column":38}},"25":{"start":{"line":54,"column":19},"end":{"line":57,"column":5}},"26":{"start":{"line":59,"column":4},"end":{"line":64,"column":7}},"27":{"start":{"line":66,"column":4},"end":{"line":66,"column":64}},"28":{"start":{"line":72,"column":0},"end":{"line":138,"column":3}},"29":{"start":{"line":73,"column":2},"end":{"line":137,"column":3}},"30":{"start":{"line":74,"column":35},"end":{"line":76,"column":6}},"31":{"start":{"line":78,"column":6},"end":{"line":78,"column":67}},"32":{"start":{"line":81,"column":25},"end":{"line":93,"column":5}},"33":{"start":{"line":95,"column":19},"end":{"line":95,"column":32}},"34":{"start":{"line":97,"column":4},"end":{"line":105,"column":5}},"35":{"start":{"line":98,"column":6},"end":{"line":104,"column":9}},"36":{"start":{"line":107,"column":16},"end":{"line":107,"column":34}},"37":{"start":{"line":108,"column":20},"end":{"line":108,"column":57}},"38":{"start":{"line":109,"column":17},"end":{"line":109,"column":36}},"39":{"start":{"line":110,"column":17},"end":{"line":110,"column":43}},"40":{"start":{"line":111,"column":23},"end":{"line":111,"column":53}},"41":{"start":{"line":113,"column":25},"end":{"line":119,"column":5}},"42":{"start":{"line":121,"column":19},"end":{"line":121,"column":50}},"43":{"start":{"line":122,"column":4},"end":{"line":125,"column":7}},"44":{"start":{"line":123,"column":16},"end":{"line":123,"column":31}},"45":{"start":{"line":124,"column":6},"end":{"line":124,"column":64}},"46":{"start":{"line":124,"column":38},"end":{"line":124,"column":64}},"47":{"start":{"line":127,"column":4},"end":{"line":134,"column":7}},"48":{"start":{"line":136,"column":4},"end":{"line":136,"column":74}},"49":{"start":{"line":142,"column":0},"end":{"line":175,"column":3}},"50":{"start":{"line":143,"column":2},"end":{"line":174,"column":3}},"51":{"start":{"line":144,"column":22},"end":{"line":144,"column":35}},"52":{"start":{"line":146,"column":4},"end":{"line":148,"column":5}},"53":{"start":{"line":147,"column":6},"end":{"line":147,"column":67}},"54":{"start":{"line":151,"column":27},"end":{"line":154,"column":5}},"55":{"start":{"line":156,"column":4},"end":{"line":160,"column":5}},"56":{"start":{"line":157,"column":6},"end":{"line":159,"column":75}},"57":{"start":{"line":163,"column":28},"end":{"line":168,"column":5}},"58":{"start":{"line":171,"column":4},"end":{"line":171,"column":28}},"59":{"start":{"line":173,"column":4},"end":{"line":173,"column":67}},"60":{"start":{"line":178,"column":0},"end":{"line":202,"column":3}},"61":{"start":{"line":179,"column":2},"end":{"line":201,"column":3}},"62":{"start":{"line":180,"column":22},"end":{"line":180,"column":35}},"63":{"start":{"line":183,"column":4},"end":{"line":185,"column":5}},"64":{"start":{"line":184,"column":6},"end":{"line":184,"column":67}},"65":{"start":{"line":187,"column":19},"end":{"line":190,"column":5}},"66":{"start":{"line":192,"column":4},"end":{"line":196,"column":5}},"67":{"start":{"line":193,"column":6},"end":{"line":195,"column":75}},"68":{"start":{"line":198,"column":4},"end":{"line":198,"column":22}},"69":{"start":{"line":200,"column":4},"end":{"line":200,"column":64}},"70":{"start":{"line":204,"column":0},"end":{"line":204,"column":32}}},"fnMap":{"0":{"name":"(anonymous_0)","decl":{"start":{"line":10,"column":24},"end":{"line":10,"column":25}},"loc":{"start":{"line":10,"column":44},"end":{"line":68,"column":1}},"line":10},"1":{"name":"(anonymous_1)","decl":{"start":{"line":72,"column":42},"end":{"line":72,"column":43}},"loc":{"start":{"line":72,"column":62},"end":{"line":138,"column":1}},"line":72},"2":{"name":"(anonymous_2)","decl":{"start":{"line":122,"column":23},"end":{"line":122,"column":24}},"loc":{"start":{"line":122,"column":32},"end":{"line":125,"column":5}},"line":122},"3":{"name":"(anonymous_3)","decl":{"start":{"line":142,"column":38},"end":{"line":142,"column":39}},"loc":{"start":{"line":142,"column":58},"end":{"line":175,"column":1}},"line":142},"4":{"name":"(anonymous_4)","decl":{"start":{"line":178,"column":27},"end":{"line":178,"column":28}},"loc":{"start":{"line":178,"column":47},"end":{"line":202,"column":1}},"line":178}},"branchMap":{"0":{"loc":{"start":{"line":12,"column":21},"end":{"line":12,"column":81}},"type":"cond-expr","locations":[{"start":{"line":12,"column":53},"end":{"line":12,"column":76}},{"start":{"line":12,"column":79},"end":{"line":12,"column":81}}],"line":12},"1":{"loc":{"start":{"line":13,"column":17},"end":{"line":13,"column":78}},"type":"cond-expr","locations":[{"start":{"line":13,"column":50},"end":{"line":13,"column":74}},{"start":{"line":13,"column":77},"end":{"line":13,"column":78}}],"line":13},"2":{"loc":{"start":{"line":15,"column":4},"end":{"line":19,"column":5}},"type":"if","locations":[{"start":{"line":15,"column":4},"end":{"line":19,"column":5}},{"start":{},"end":{}}],"line":15},"3":{"loc":{"start":{"line":15,"column":8},"end":{"line":15,"column":69}},"type":"binary-expr","locations":[{"start":{"line":15,"column":8},"end":{"line":15,"column":35}},{"start":{"line":15,"column":39},"end":{"line":15,"column":51}},{"start":{"line":15,"column":55},"end":{"line":15,"column":69}}],"line":15},"4":{"loc":{"start":{"line":20,"column":4},"end":{"line":24,"column":5}},"type":"if","locations":[{"start":{"line":20,"column":4},"end":{"line":24,"column":5}},{"start":{},"end":{}}],"line":20},"5":{"loc":{"start":{"line":20,"column":8},"end":{"line":20,"column":43}},"type":"binary-expr","locations":[{"start":{"line":20,"column":8},"end":{"line":20,"column":31}},{"start":{"line":20,"column":35},"end":{"line":20,"column":43}}],"line":20},"6":{"loc":{"start":{"line":29,"column":6},"end":{"line":31,"column":7}},"type":"if","locations":[{"start":{"line":29,"column":6},"end":{"line":31,"column":7}},{"start":{},"end":{}}],"line":29},"7":{"loc":{"start":{"line":29,"column":10},"end":{"line":29,"column":75}},"type":"binary-expr","locations":[{"start":{"line":29,"column":10},"end":{"line":29,"column":40}},{"start":{"line":29,"column":44},"end":{"line":29,"column":75}}],"line":29},"8":{"loc":{"start":{"line":37,"column":4},"end":{"line":39,"column":5}},"type":"if","locations":[{"start":{"line":37,"column":4},"end":{"line":39,"column":5}},{"start":{},"end":{}}],"line":37},"9":{"loc":{"start":{"line":44,"column":6},"end":{"line":44,"column":70}},"type":"cond-expr","locations":[{"start":{"line":44,"column":30},"end":{"line":44,"column":65}},{"start":{"line":44,"column":68},"end":{"line":44,"column":70}}],"line":44},"10":{"loc":{"start":{"line":97,"column":4},"end":{"line":105,"column":5}},"type":"if","locations":[{"start":{"line":97,"column":4},"end":{"line":105,"column":5}},{"start":{},"end":{}}],"line":97},"11":{"loc":{"start":{"line":97,"column":8},"end":{"line":97,"column":28}},"type":"binary-expr","locations":[{"start":{"line":97,"column":8},"end":{"line":97,"column":15}},{"start":{"line":97,"column":19},"end":{"line":97,"column":28}}],"line":97},"12":{"loc":{"start":{"line":108,"column":27},"end":{"line":108,"column":56}},"type":"binary-expr","locations":[{"start":{"line":108,"column":27},"end":{"line":108,"column":41}},{"start":{"line":108,"column":45},"end":{"line":108,"column":56}}],"line":108},"13":{"loc":{"start":{"line":124,"column":6},"end":{"line":124,"column":64}},"type":"if","locations":[{"start":{"line":124,"column":6},"end":{"line":124,"column":64}},{"start":{},"end":{}}],"line":124},"14":{"loc":{"start":{"line":124,"column":10},"end":{"line":124,"column":36}},"type":"binary-expr","locations":[{"start":{"line":124,"column":10},"end":{"line":124,"column":16}},{"start":{"line":124,"column":20},"end":{"line":124,"column":36}}],"line":124},"15":{"loc":{"start":{"line":146,"column":4},"end":{"line":148,"column":5}},"type":"if","locations":[{"start":{"line":146,"column":4},"end":{"line":148,"column":5}},{"start":{},"end":{}}],"line":146},"16":{"loc":{"start":{"line":146,"column":8},"end":{"line":146,"column":43}},"type":"binary-expr","locations":[{"start":{"line":146,"column":8},"end":{"line":146,"column":18}},{"start":{"line":146,"column":22},"end":{"line":146,"column":43}}],"line":146},"17":{"loc":{"start":{"line":156,"column":4},"end":{"line":160,"column":5}},"type":"if","locations":[{"start":{"line":156,"column":4},"end":{"line":160,"column":5}},{"start":{},"end":{}}],"line":156},"18":{"loc":{"start":{"line":183,"column":4},"end":{"line":185,"column":5}},"type":"if","locations":[{"start":{"line":183,"column":4},"end":{"line":185,"column":5}},{"start":{},"end":{}}],"line":183},"19":{"loc":{"start":{"line":183,"column":8},"end":{"line":183,"column":43}},"type":"binary-expr","locations":[{"start":{"line":183,"column":8},"end":{"line":183,"column":18}},{"start":{"line":183,"column":22},"end":{"line":183,"column":43}}],"line":183},"20":{"loc":{"start":{"line":192,"column":4},"end":{"line":196,"column":5}},"type":"if","locations":[{"start":{"line":192,"column":4},"end":{"line":196,"column":5}},{"start":{},"end":{}}],"line":192}},"s":{"0":1,"1":1,"2":1,"3":1,"4":1,"5":1,"6":1,"7":15,"8":15,"9":15,"10":15,"11":3,"12":12,"13":1,"14":11,"15":11,"16":41,"17":1,"18":10,"19":10,"20":2,"21":8,"22":8,"23":8,"24":7,"25":7,"26":7,"27":1,"28":1,"29":3,"30":3,"31":3,"32":3,"33":3,"34":3,"35":1,"36":2,"37":2,"38":2,"39":2,"40":2,"41":2,"42":2,"43":2,"44":2,"45":2,"46":2,"47":2,"48":0,"49":1,"50":4,"51":4,"52":4,"53":0,"54":4,"55":3,"56":1,"57":2,"58":2,"59":1,"60":1,"61":5,"62":5,"63":5,"64":1,"65":4,"66":3,"67":1,"68":2,"69":1,"70":1},"f":{"0":15,"1":3,"2":2,"3":4,"4":5},"b":{"0":[4,11],"1":[2,13],"2":[3,12],"3":[15,14,13],"4":[1,11],"5":[12,12],"6":[1,40],"7":[41,5],"8":[2,8],"9":[2,6],"10":[1,2],"11":[3,3],"12":[2,0],"13":[2,0],"14":[2,2],"15":[0,4],"16":[4,4],"17":[1,2],"18":[1,4],"19":[5,5],"20":[1,2]},"_coverageSchema":"1a1c01bbd47fc00a2c39e90264f33305004495a9","hash":"5bc4e8aa33b9adc79029667e21e105876691331f"}
,"/Users/ethanli/idx-internship/backend/utils/listingFilters.js": {"path":"/Users/ethanli/idx-internship/backend/utils/listingFilters.js","statementMap":{"0":{"start":{"line":4,"column":34},"end":{"line":4,"column":41}},"1":{"start":{"line":5,"column":21},"end":{"line":5,"column":23}},"2":{"start":{"line":6,"column":17},"end":{"line":6,"column":19}},"3":{"start":{"line":13,"column":2},"end":{"line":16,"column":3}},"4":{"start":{"line":14,"column":4},"end":{"line":14,"column":34}},"5":{"start":{"line":15,"column":4},"end":{"line":15,"column":43}},"6":{"start":{"line":17,"column":2},"end":{"line":20,"column":3}},"7":{"start":{"line":18,"column":4},"end":{"line":18,"column":33}},"8":{"start":{"line":19,"column":4},"end":{"line":19,"column":46}},"9":{"start":{"line":21,"column":2},"end":{"line":24,"column":3}},"10":{"start":{"line":22,"column":4},"end":{"line":22,"column":42}},"11":{"start":{"line":23,"column":4},"end":{"line":23,"column":40}},"12":{"start":{"line":25,"column":2},"end":{"line":28,"column":3}},"13":{"start":{"line":26,"column":4},"end":{"line":26,"column":42}},"14":{"start":{"line":27,"column":4},"end":{"line":27,"column":40}},"15":{"start":{"line":29,"column":2},"end":{"line":32,"column":3}},"16":{"start":{"line":30,"column":4},"end":{"line":30,"column":38}},"17":{"start":{"line":31,"column":4},"end":{"line":31,"column":36}},"18":{"start":{"line":33,"column":2},"end":{"line":36,"column":3}},"19":{"start":{"line":34,"column":4},"end":{"line":34,"column":36}},"20":{"start":{"line":35,"column":4},"end":{"line":35,"column":37}},"21":{"start":{"line":38,"column":2},"end":{"line":38,"column":32}},"22":{"start":{"line":41,"column":0},"end":{"line":41,"column":39}}},"fnMap":{"0":{"name":"buildFilterClause","decl":{"start":{"line":3,"column":9},"end":{"line":3,"column":26}},"loc":{"start":{"line":3,"column":48},"end":{"line":39,"column":1}},"line":3}},"branchMap":{"0":{"loc":{"start":{"line":3,"column":34},"end":{"line":3,"column":46}},"type":"default-arg","locations":[{"start":{"line":3,"column":44},"end":{"line":3,"column":46}}],"line":3},"1":{"loc":{"start":{"line":4,"column":10},"end":{"line":4,"column":29}},"type":"default-arg","locations":[{"start":{"line":4,"column":25},"end":{"line":4,"column":29}}],"line":4},"2":{"loc":{"start":{"line":13,"column":2},"end":{"line":16,"column":3}},"type":"if","locations":[{"start":{"line":13,"column":2},"end":{"line":16,"column":3}},{"start":{},"end":{}}],"line":13},"3":{"loc":{"start":{"line":17,"column":2},"end":{"line":20,"column":3}},"type":"if","locations":[{"start":{"line":17,"column":2},"end":{"line":20,"column":3}},{"start":{},"end":{}}],"line":17},"4":{"loc":{"start":{"line":21,"column":2},"end":{"line":24,"column":3}},"type":"if","locations":[{"start":{"line":21,"column":2},"end":{"line":24,"column":3}},{"start":{},"end":{}}],"line":21},"5":{"loc":{"start":{"line":21,"column":6},"end":{"line":21,"column":36}},"type":"binary-expr","locations":[{"start":{"line":21,"column":6},"end":{"line":21,"column":18}},{"start":{"line":21,"column":22},"end":{"line":21,"column":36}}],"line":21},"6":{"loc":{"start":{"line":25,"column":2},"end":{"line":28,"column":3}},"type":"if","locations":[{"start":{"line":25,"column":2},"end":{"line":28,"column":3}},{"start":{},"end":{}}],"line":25},"7":{"loc":{"start":{"line":25,"column":6},"end":{"line":25,"column":36}},"type":"binary-expr","locations":[{"start":{"line":25,"column":6},"end":{"line":25,"column":18}},{"start":{"line":25,"column":22},"end":{"line":25,"column":36}}],"line":25},"8":{"loc":{"start":{"line":29,"column":2},"end":{"line":32,"column":3}},"type":"if","locations":[{"start":{"line":29,"column":2},"end":{"line":32,"column":3}},{"start":{},"end":{}}],"line":29},"9":{"loc":{"start":{"line":33,"column":2},"end":{"line":36,"column":3}},"type":"if","locations":[{"start":{"line":33,"column":2},"end":{"line":36,"column":3}},{"start":{},"end":{}}],"line":33}},"s":{"0":11,"1":11,"2":11,"3":11,"4":3,"5":3,"6":11,"7":1,"8":1,"9":11,"10":1,"11":1,"12":11,"13":1,"14":1,"15":11,"16":1,"17":1,"18":11,"19":1,"20":1,"21":11,"22":1},"f":{"0":11},"b":{"0":[8],"1":[8],"2":[3,8],"3":[1,10],"4":[1,10],"5":[11,8],"6":[1,10],"7":[11,8],"8":[1,10],"9":[1,10]},"_coverageSchema":"1a1c01bbd47fc00a2c39e90264f33305004495a9","hash":"729f8357e902fa44b290fb15c28967159019558d"}
,"/Users/ethanli/idx-internship/backend/utils/listingSort.js": {"path":"/Users/ethanli/idx-internship/backend/utils/listingSort.js","statementMap":{"0":{"start":{"line":4,"column":25},"end":{"line":9,"column":1}},"1":{"start":{"line":11,"column":24},"end":{"line":14,"column":1}},"2":{"start":{"line":19,"column":19},"end":{"line":19,"column":27}},"3":{"start":{"line":25,"column":24},"end":{"line":25,"column":36}},"4":{"start":{"line":26,"column":25},"end":{"line":26,"column":40}},"5":{"start":{"line":28,"column":2},"end":{"line":31,"column":3}},"6":{"start":{"line":30,"column":4},"end":{"line":30,"column":61}},"7":{"start":{"line":33,"column":17},"end":{"line":33,"column":70}},"8":{"start":{"line":34,"column":2},"end":{"line":39,"column":3}},"9":{"start":{"line":35,"column":4},"end":{"line":38,"column":6}},"10":{"start":{"line":42,"column":4},"end":{"line":44,"column":61}},"11":{"start":{"line":46,"column":2},"end":{"line":51,"column":3}},"12":{"start":{"line":47,"column":4},"end":{"line":50,"column":6}},"13":{"start":{"line":55,"column":2},"end":{"line":58,"column":4}},"14":{"start":{"line":61,"column":0},"end":{"line":61,"column":73}}},"fnMap":{"0":{"name":"buildOrderClause","decl":{"start":{"line":24,"column":9},"end":{"line":24,"column":25}},"loc":{"start":{"line":24,"column":38},"end":{"line":59,"column":1}},"line":24}},"branchMap":{"0":{"loc":{"start":{"line":24,"column":26},"end":{"line":24,"column":36}},"type":"default-arg","locations":[{"start":{"line":24,"column":34},"end":{"line":24,"column":36}}],"line":24},"1":{"loc":{"start":{"line":28,"column":2},"end":{"line":31,"column":3}},"type":"if","locations":[{"start":{"line":28,"column":2},"end":{"line":31,"column":3}},{"start":{},"end":{}}],"line":28},"2":{"loc":{"start":{"line":28,"column":6},"end":{"line":28,"column":57}},"type":"binary-expr","locations":[{"start":{"line":28,"column":6},"end":{"line":28,"column":33}},{"start":{"line":28,"column":37},"end":{"line":28,"column":57}}],"line":28},"3":{"loc":{"start":{"line":34,"column":2},"end":{"line":39,"column":3}},"type":"if","locations":[{"start":{"line":34,"column":2},"end":{"line":39,"column":3}},{"start":{},"end":{}}],"line":34},"4":{"loc":{"start":{"line":42,"column":4},"end":{"line":44,"column":61}},"type":"cond-expr","locations":[{"start":{"line":43,"column":8},"end":{"line":43,"column":13}},{"start":{"line":44,"column":8},"end":{"line":44,"column":61}}],"line":42},"5":{"loc":{"start":{"line":42,"column":4},"end":{"line":42,"column":57}},"type":"binary-expr","locations":[{"start":{"line":42,"column":4},"end":{"line":42,"column":32}},{"start":{"line":42,"column":36},"end":{"line":42,"column":57}}],"line":42},"6":{"loc":{"start":{"line":46,"column":2},"end":{"line":51,"column":3}},"type":"if","locations":[{"start":{"line":46,"column":2},"end":{"line":51,"column":3}},{"start":{},"end":{}}],"line":46}},"s":{"0":1,"1":1,"2":1,"3":10,"4":10,"5":10,"6":6,"7":4,"8":4,"9":1,"10":3,"11":3,"12":1,"13":2,"14":1},"f":{"0":10},"b":{"0":[0],"1":[6,4],"2":[10,4],"3":[1,3],"4":[0,3],"5":[3,3],"6":[1,2]},"_coverageSchema":"1a1c01bbd47fc00a2c39e90264f33305004495a9","hash":"dcb4dde999cafa3fd856372d045b330f42373ff0"}
}
