TN:
SF:app.js
FN:17,(anonymous_0)
FNF:1
FNH:1
FNDA:2,(anonymous_0)
DA:1,1
DA:2,1
DA:3,1
DA:4,1
DA:5,1
DA:10,1
DA:12,1
DA:13,1
DA:14,1
DA:15,1
DA:17,1
DA:18,2
DA:19,2
DA:20,1
DA:26,1
DA:30,1
LF:16
LH:16
BRF:0
BRH:0
end_of_record
TN:
SF:middleware/requestLog.js
FN:2,requestLog
FN:10,(anonymous_1)
FNF:2
FNH:1
FNDA:29,requestLog
FNDA:0,(anonymous_1)
DA:5,29
DA:7,0
DA:10,0
DA:11,0
DA:12,0
DA:13,0
DA:18,0
DA:21,1
LF:8
LH:2
BRDA:5,0,0,29
BRDA:5,0,1,0
BRF:2
BRH:1
end_of_record
TN:
SF:routes/listings.js
FN:10,(anonymous_0)
FN:72,(anonymous_1)
FN:122,(anonymous_2)
FN:142,(anonymous_3)
FN:178,(anonymous_4)
FNF:5
FNH:5
FNDA:15,(anonymous_0)
FNDA:3,(anonymous_1)
FNDA:2,(anonymous_2)
FNDA:4,(anonymous_3)
FNDA:5,(anonymous_4)
DA:1,1
DA:2,1
DA:3,1
DA:4,1
DA:5,1
DA:7,1
DA:10,1
DA:11,15
DA:12,15
DA:13,15
DA:15,15
DA:16,3
DA:20,12
DA:21,1
DA:27,11
DA:28,11
DA:29,41
DA:30,1
DA:36,10
DA:37,10
DA:38,2
DA:42,8
DA:44,8
DA:47,8
DA:51,7
DA:54,7
DA:59,7
DA:66,1
DA:72,1
DA:73,3
DA:74,3
DA:78,3
DA:81,3
DA:95,3
DA:97,3
DA:98,1
DA:107,2
DA:108,2
DA:109,2
DA:110,2
DA:111,2
DA:113,2
DA:121,2
DA:122,2
DA:123,2
DA:124,2
DA:127,2
DA:136,0
DA:142,1
DA:143,4
DA:144,4
DA:146,4
DA:147,0
DA:151,4
DA:156,3
DA:157,1
DA:163,2
DA:171,2
DA:173,1
DA:178,1
DA:179,5
DA:180,5
DA:183,5
DA:184,1
DA:187,4
DA:192,3
DA:193,1
DA:198,2
DA:200,1
DA:204,1
LF:70
LH:68
BRDA:12,0,0,4
BRDA:12,0,1,11
BRDA:13,1,0,2
BRDA:13,1,1,13
BRDA:15,2,0,3
BRDA:15,2,1,12
BRDA:15,3,0,15
BRDA:15,3,1,14
BRDA:15,3,2,13
BRDA:20,4,0,1
BRDA:20,4,1,11
BRDA:20,5,0,12
BRDA:20,5,1,12
BRDA:29,6,0,1
BRDA:29,6,1,40
BRDA:29,7,0,41
BRDA:29,7,1,5
BRDA:37,8,0,2
BRDA:37,8,1,8
BRDA:44,9,0,2
BRDA:44,9,1,6
BRDA:97,10,0,1
BRDA:97,10,1,2
BRDA:97,11,0,3
BRDA:97,11,1,3
BRDA:108,12,0,2
BRDA:108,12,1,0
BRDA:124,13,0,2
BRDA:124,13,1,0
BRDA:124,14,0,2
BRDA:124,14,1,2
BRDA:146,15,0,0
BRDA:146,15,1,4
BRDA:146,16,0,4
BRDA:146,16,1,4
BRDA:156,17,0,1
BRDA:156,17,1,2
BRDA:183,18,0,1
BRDA:183,18,1,4
BRDA:183,19,0,5
BRDA:183,19,1,5
BRDA:192,20,0,1
BRDA:192,20,1,2
BRF:43
BRH:40
end_of_record
TN:
SF:utils/listingFilters.js
FN:3,buildFilterClause
FNF:1
FNH:1
FNDA:11,buildFilterClause
DA:4,11
DA:5,11
DA:6,11
DA:13,11
DA:14,3
DA:15,3
DA:17,11
DA:18,1
DA:19,1
DA:21,11
DA:22,1
DA:23,1
DA:25,11
DA:26,1
DA:27,1
DA:29,11
DA:30,1
DA:31,1
DA:33,11
DA:34,1
DA:35,1
DA:38,11
DA:41,1
LF:23
LH:23
BRDA:3,0,0,8
BRDA:4,1,0,8
BRDA:13,2,0,3
BRDA:13,2,1,8
BRDA:17,3,0,1
BRDA:17,3,1,10
BRDA:21,4,0,1
BRDA:21,4,1,10
BRDA:21,5,0,11
BRDA:21,5,1,8
BRDA:25,6,0,1
BRDA:25,6,1,10
BRDA:25,7,0,11
BRDA:25,7,1,8
BRDA:29,8,0,1
BRDA:29,8,1,10
BRDA:33,9,0,1
BRDA:33,9,1,10
BRF:18
BRH:18
end_of_record
TN:
SF:utils/listingSort.js
FN:24,buildOrderClause
FNF:1
FNH:1
FNDA:10,buildOrderClause
DA:4,1
DA:11,1
DA:19,1
DA:25,10
DA:26,10
DA:28,10
DA:30,6
DA:33,4
DA:34,4
DA:35,1
DA:42,3
DA:46,3
DA:47,1
DA:55,2
DA:61,1
LF:15
LH:15
BRDA:24,0,0,0
BRDA:28,1,0,6
BRDA:28,1,1,4
BRDA:28,2,0,10
BRDA:28,2,1,4
BRDA:34,3,0,1
BRDA:34,3,1,3
BRDA:42,4,0,0
BRDA:42,4,1,3
BRDA:42,5,0,3
BRDA:42,5,1,3
BRDA:46,6,0,1
BRDA:46,6,1,2
BRF:13
BRH:11
end_of_record
